<?xml version="1.0" encoding="UTF-8"?>
<testsuite name="Iniciar Sesion" tests="1" skipped="0" failures="0" errors="0" timestamp="2021-09-19T00:59:25" hostname="LAPTOP-J0TUQVKU" time="38.079">
  <properties/>
  <testcase name="El usuario inicia sesion" classname="Iniciar Sesion" time="38.079"/>
  <system-out><![CDATA[]]></system-out>
  <system-err><![CDATA[sep 18, 2021 7:59:26 PM org.openqa.selenium.remote.DesiredCapabilities chrome
INFORMACIÓN: Using `new ChromeOptions()` is preferred to `DesiredCapabilities.chrome()`
Starting ChromeDriver 92.0.4515.107 (87a818b10553a07434ea9e2b6dccf3cbe7895134-refs/branch-heads/4515@{#1634}) on port 18924
Only local connections are allowed.
Please see https://chromedriver.chromium.org/security-considerations for suggestions on keeping ChromeDriver safe.
ChromeDriver was started successfully.
[1632013168.290][WARNING]: This version of ChromeDriver has not been tested with Chrome version 93.
sep 18, 2021 7:59:28 PM org.openqa.selenium.remote.ProtocolHandshake createSession
INFORMACIÓN: Detected dialect: W3C
[Test worker] INFO net.serenitybdd.core.Serenity - 
        __    _____ _____ ____ _____   ____   _    ____  ____  _____ ____  
  _     \ \  |_   _| ____/ ___|_   _| |  _ \ / \  / ___|/ ___|| ____|  _ \ 
 (_)_____| |   | | |  _| \___ \ | |   | |_) / _ \ \___ \\___ \|  _| | | | |
  _|_____| |   | | | |___ ___) || |   |  __/ ___ \ ___) |___) | |___| |_| |
 (_)     | |   |_| |_____|____/ |_|   |_| /_/   \_\____/|____/|_____|____/ 
        /_/                                                                

TEST PASSED: El usuario inicia sesion
----------------------------------------------------------------------------
]]></system-err>
</testsuite>
